This file contains any messages produced by compilers while
running configure, to aid debugging if configure makes a mistake.

It was created by libspatialite configure 5.1.0, which was
generated by GNU Autoconf 2.69.  Invocation command line was

  $ ./configure --enable-freexl=no --enable-libxml2=no --enable-minizip=no --disable-rttopo --disable-gcp

## --------- ##
## Platform. ##
## --------- ##

hostname = 8210f21417c6
uname -m = x86_64
uname -r = 5.4.0-166-generic
uname -s = Linux
uname -v = #183-Ubuntu SMP Mon Oct 2 11:28:33 UTC 2023

/usr/bin/uname -p = x86_64
/bin/uname -X     = unknown

/bin/arch              = x86_64
/usr/bin/arch -k       = unknown
/usr/convex/getsysinfo = unknown
/usr/bin/hostinfo      = unknown
/bin/machine           = unknown
/usr/bin/oslevel       = unknown
/bin/universe          = unknown

PATH: /usr/local/sbin
PATH: /usr/local/bin
PATH: /usr/sbin
PATH: /usr/bin
PATH: /sbin
PATH: /bin


## ----------- ##
## Core tests. ##
## ----------- ##

configure:2608: checking for a BSD-compatible install
configure:2676: result: /usr/bin/install -c
configure:2687: checking whether build environment is sane
configure:2742: result: yes
configure:2893: checking for a thread-safe mkdir -p
configure:2932: result: /usr/bin/mkdir -p
configure:2939: checking for gawk
configure:2969: result: no
configure:2939: checking for mawk
configure:2955: found /usr/bin/mawk
configure:2966: result: mawk
configure:2977: checking whether make sets $(MAKE)
configure:2999: result: yes
configure:3028: checking whether make supports nested variables
configure:3045: result: yes
configure:3163: checking whether to enable maintainer-specific portions of Makefiles
configure:3172: result: no
configure:3233: checking whether make supports the include directive
configure:3248: make -f confmf.GNU && cat confinc.out
this is the am__doit target
configure:3251: $? = 0
configure:3270: result: yes (GNU style)
configure:3340: checking for gcc
configure:3356: found /usr/bin/gcc
configure:3367: result: gcc
configure:3596: checking for C compiler version
configure:3605: gcc --version >&5
gcc (Ubuntu 11.4.0-1ubuntu1~22.04) 11.4.0
Copyright (C) 2021 Free Software Foundation, Inc.
This is free software; see the source for copying conditions.  There is NO
warranty; not even for MERCHANTABILITY or FITNESS FOR A PARTICULAR PURPOSE.

configure:3616: $? = 0
configure:3605: gcc -v >&5
Using built-in specs.
COLLECT_GCC=gcc
COLLECT_LTO_WRAPPER=/usr/lib/gcc/x86_64-linux-gnu/11/lto-wrapper
OFFLOAD_TARGET_NAMES=nvptx-none:amdgcn-amdhsa
OFFLOAD_TARGET_DEFAULT=1
Target: x86_64-linux-gnu
Configured with: ../src/configure -v --with-pkgversion='Ubuntu 11.4.0-1ubuntu1~22.04' --with-bugurl=file:///usr/share/doc/gcc-11/README.Bugs --enable-languages=c,ada,c++,go,brig,d,fortran,objc,obj-c++,m2 --prefix=/usr --with-gcc-major-version-only --program-suffix=-11 --program-prefix=x86_64-linux-gnu- --enable-shared --enable-linker-build-id --libexecdir=/usr/lib --without-included-gettext --enable-threads=posix --libdir=/usr/lib --enable-nls --enable-bootstrap --enable-clocale=gnu --enable-libstdcxx-debug --enable-libstdcxx-time=yes --with-default-libstdcxx-abi=new --enable-gnu-unique-object --disable-vtable-verify --enable-plugin --enable-default-pie --with-system-zlib --enable-libphobos-checking=release --with-target-system-zlib=auto --enable-objc-gc=auto --enable-multiarch --disable-werror --enable-cet --with-arch-32=i686 --with-abi=m64 --with-multilib-list=m32,m64,mx32 --enable-multilib --with-tune=generic --enable-offload-targets=nvptx-none=/build/gcc-11-XeT9lY/gcc-11-11.4.0/debian/tmp-nvptx/usr,amdgcn-amdhsa=/build/gcc-11-XeT9lY/gcc-11-11.4.0/debian/tmp-gcn/usr --without-cuda-driver --enable-checking=release --build=x86_64-linux-gnu --host=x86_64-linux-gnu --target=x86_64-linux-gnu --with-build-config=bootstrap-lto-lean --enable-link-serialization=2
Thread model: posix
Supported LTO compression algorithms: zlib zstd
gcc version 11.4.0 (Ubuntu 11.4.0-1ubuntu1~22.04) 
... rest of stderr output deleted ...
configure:3616: $? = 0
configure:3605: gcc -V >&5
gcc: error: unrecognized command-line option '-V'
gcc: fatal error: no input files
compilation terminated.
configure:3616: $? = 1
configure:3605: gcc -qversion >&5
gcc: error: unrecognized command-line option '-qversion'; did you mean '--version'?
gcc: fatal error: no input files
compilation terminated.
configure:3616: $? = 1
configure:3636: checking whether the C compiler works
configure:3658: gcc    conftest.c  >&5
configure:3662: $? = 0
configure:3710: result: yes
configure:3713: checking for C compiler default output file name
configure:3715: result: a.out
configure:3721: checking for suffix of executables
configure:3728: gcc -o conftest    conftest.c  >&5
configure:3732: $? = 0
configure:3754: result: 
configure:3776: checking whether we are cross compiling
configure:3784: gcc -o conftest    conftest.c  >&5
configure:3788: $? = 0
configure:3795: ./conftest
configure:3799: $? = 0
configure:3814: result: no
configure:3819: checking for suffix of object files
configure:3841: gcc -c   conftest.c >&5
configure:3845: $? = 0
configure:3866: result: o
configure:3870: checking whether we are using the GNU C compiler
configure:3889: gcc -c   conftest.c >&5
configure:3889: $? = 0
configure:3898: result: yes
configure:3907: checking whether gcc accepts -g
configure:3927: gcc -c -g  conftest.c >&5
configure:3927: $? = 0
configure:3968: result: yes
configure:3985: checking for gcc option to accept ISO C89
configure:4048: gcc  -c -g -O2  conftest.c >&5
configure:4048: $? = 0
configure:4061: result: none needed
configure:4086: checking whether gcc understands -c and -o together
configure:4108: gcc -c conftest.c -o conftest2.o
configure:4111: $? = 0
configure:4108: gcc -c conftest.c -o conftest2.o
configure:4111: $? = 0
configure:4123: result: yes
configure:4142: checking dependency style of gcc
configure:4253: result: gcc3
configure:4274: checking how to run the C preprocessor
configure:4305: gcc -E  conftest.c
configure:4305: $? = 0
configure:4319: gcc -E  conftest.c
conftest.c:13:10: fatal error: ac_nonexistent.h: No such file or directory
   13 | #include <ac_nonexistent.h>
      |          ^~~~~~~~~~~~~~~~~~
compilation terminated.
configure:4319: $? = 1
configure: failed program was:
| /* confdefs.h */
| #define PACKAGE_NAME "libspatialite"
| #define PACKAGE_TARNAME "libspatialite"
| #define PACKAGE_VERSION "5.1.0"
| #define PACKAGE_STRING "libspatialite 5.1.0"
| #define PACKAGE_BUGREPORT "a.furieri@lqt.it"
| #define PACKAGE_URL ""
| #define _LARGE_FILE 1
| #define _FILE_OFFSET_BITS 64
| #define _LARGEFILE_SOURCE 1
| #define NDEBUG 1
| /* end confdefs.h.  */
| #include <ac_nonexistent.h>
configure:4344: result: gcc -E
configure:4364: gcc -E  conftest.c
configure:4364: $? = 0
configure:4378: gcc -E  conftest.c
conftest.c:13:10: fatal error: ac_nonexistent.h: No such file or directory
   13 | #include <ac_nonexistent.h>
      |          ^~~~~~~~~~~~~~~~~~
compilation terminated.
configure:4378: $? = 1
configure: failed program was:
| /* confdefs.h */
| #define PACKAGE_NAME "libspatialite"
| #define PACKAGE_TARNAME "libspatialite"
| #define PACKAGE_VERSION "5.1.0"
| #define PACKAGE_STRING "libspatialite 5.1.0"
| #define PACKAGE_BUGREPORT "a.furieri@lqt.it"
| #define PACKAGE_URL ""
| #define _LARGE_FILE 1
| #define _FILE_OFFSET_BITS 64
| #define _LARGEFILE_SOURCE 1
| #define NDEBUG 1
| /* end confdefs.h.  */
| #include <ac_nonexistent.h>
configure:4407: checking for grep that handles long lines and -e
configure:4465: result: /usr/bin/grep
configure:4470: checking for egrep
configure:4532: result: /usr/bin/grep -E
configure:4537: checking for ANSI C header files
configure:4557: gcc -c -g -O2  conftest.c >&5
configure:4557: $? = 0
configure:4630: gcc -o conftest -g -O2   conftest.c  >&5
configure:4630: $? = 0
configure:4630: ./conftest
configure:4630: $? = 0
configure:4641: result: yes
configure:4654: checking for sys/types.h
configure:4654: gcc -c -g -O2  conftest.c >&5
configure:4654: $? = 0
configure:4654: result: yes
configure:4654: checking for sys/stat.h
configure:4654: gcc -c -g -O2  conftest.c >&5
configure:4654: $? = 0
configure:4654: result: yes
configure:4654: checking for stdlib.h
configure:4654: gcc -c -g -O2  conftest.c >&5
configure:4654: $? = 0
configure:4654: result: yes
configure:4654: checking for string.h
configure:4654: gcc -c -g -O2  conftest.c >&5
configure:4654: $? = 0
configure:4654: result: yes
configure:4654: checking for memory.h
configure:4654: gcc -c -g -O2  conftest.c >&5
configure:4654: $? = 0
configure:4654: result: yes
configure:4654: checking for strings.h
configure:4654: gcc -c -g -O2  conftest.c >&5
configure:4654: $? = 0
configure:4654: result: yes
configure:4654: checking for inttypes.h
configure:4654: gcc -c -g -O2  conftest.c >&5
configure:4654: $? = 0
configure:4654: result: yes
configure:4654: checking for stdint.h
configure:4654: gcc -c -g -O2  conftest.c >&5
configure:4654: $? = 0
configure:4654: result: yes
configure:4654: checking for unistd.h
configure:4654: gcc -c -g -O2  conftest.c >&5
configure:4654: $? = 0
configure:4654: result: yes
configure:4668: checking for stdlib.h
configure:4668: result: yes
configure:4682: checking stdio.h usability
configure:4682: gcc -c -g -O2  conftest.c >&5
configure:4682: $? = 0
configure:4682: result: yes
configure:4682: checking stdio.h presence
configure:4682: gcc -E  conftest.c
configure:4682: $? = 0
configure:4682: result: yes
configure:4682: checking for stdio.h
configure:4682: result: yes
configure:4696: checking for string.h
configure:4696: result: yes
configure:4710: checking for memory.h
configure:4710: result: yes
configure:4724: checking math.h usability
configure:4724: gcc -c -g -O2  conftest.c >&5
configure:4724: $? = 0
configure:4724: result: yes
configure:4724: checking math.h presence
configure:4724: gcc -E  conftest.c
configure:4724: $? = 0
configure:4724: result: yes
configure:4724: checking for math.h
configure:4724: result: yes
configure:4738: checking float.h usability
configure:4738: gcc -c -g -O2  conftest.c >&5
configure:4738: $? = 0
configure:4738: result: yes
configure:4738: checking float.h presence
configure:4738: gcc -E  conftest.c
configure:4738: $? = 0
configure:4738: result: yes
configure:4738: checking for float.h
configure:4738: result: yes
configure:4752: checking fcntl.h usability
configure:4752: gcc -c -g -O2  conftest.c >&5
configure:4752: $? = 0
configure:4752: result: yes
configure:4752: checking fcntl.h presence
configure:4752: gcc -E  conftest.c
configure:4752: $? = 0
configure:4752: result: yes
configure:4752: checking for fcntl.h
configure:4752: result: yes
configure:4766: checking for inttypes.h
configure:4766: result: yes
configure:4780: checking stddef.h usability
configure:4780: gcc -c -g -O2  conftest.c >&5
configure:4780: $? = 0
configure:4780: result: yes
configure:4780: checking stddef.h presence
configure:4780: gcc -E  conftest.c
configure:4780: $? = 0
configure:4780: result: yes
configure:4780: checking for stddef.h
configure:4780: result: yes
configure:4794: checking for stdint.h
configure:4794: result: yes
configure:4808: checking sys/time.h usability
configure:4808: gcc -c -g -O2  conftest.c >&5
configure:4808: $? = 0
configure:4808: result: yes
configure:4808: checking sys/time.h presence
configure:4808: gcc -E  conftest.c
configure:4808: $? = 0
configure:4808: result: yes
configure:4808: checking for sys/time.h
configure:4808: result: yes
configure:4822: checking for unistd.h
configure:4822: result: yes
configure:4836: checking sqlite3.h usability
configure:4836: gcc -c -g -O2  conftest.c >&5
configure:4836: $? = 0
configure:4836: result: yes
configure:4836: checking sqlite3.h presence
configure:4836: gcc -E  conftest.c
configure:4836: $? = 0
configure:4836: result: yes
configure:4836: checking for sqlite3.h
configure:4836: result: yes
configure:4850: checking sqlite3ext.h usability
configure:4850: gcc -c -g -O2  conftest.c >&5
configure:4850: $? = 0
configure:4850: result: yes
configure:4850: checking sqlite3ext.h presence
configure:4850: gcc -E  conftest.c
configure:4850: $? = 0
configure:4850: result: yes
configure:4850: checking for sqlite3ext.h
configure:4850: result: yes
configure:4864: checking zlib.h usability
configure:4864: gcc -c -g -O2  conftest.c >&5
configure:4864: $? = 0
configure:4864: result: yes
configure:4864: checking zlib.h presence
configure:4864: gcc -E  conftest.c
configure:4864: $? = 0
configure:4864: result: yes
configure:4864: checking for zlib.h
configure:4864: result: yes
configure:4937: checking for g++
configure:4953: found /usr/bin/g++
configure:4964: result: g++
configure:4991: checking for C++ compiler version
configure:5000: g++ --version >&5
g++ (Ubuntu 11.4.0-1ubuntu1~22.04) 11.4.0
Copyright (C) 2021 Free Software Foundation, Inc.
This is free software; see the source for copying conditions.  There is NO
warranty; not even for MERCHANTABILITY or FITNESS FOR A PARTICULAR PURPOSE.

configure:5011: $? = 0
configure:5000: g++ -v >&5
Using built-in specs.
COLLECT_GCC=g++
COLLECT_LTO_WRAPPER=/usr/lib/gcc/x86_64-linux-gnu/11/lto-wrapper
OFFLOAD_TARGET_NAMES=nvptx-none:amdgcn-amdhsa
OFFLOAD_TARGET_DEFAULT=1
Target: x86_64-linux-gnu
Configured with: ../src/configure -v --with-pkgversion='Ubuntu 11.4.0-1ubuntu1~22.04' --with-bugurl=file:///usr/share/doc/gcc-11/README.Bugs --enable-languages=c,ada,c++,go,brig,d,fortran,objc,obj-c++,m2 --prefix=/usr --with-gcc-major-version-only --program-suffix=-11 --program-prefix=x86_64-linux-gnu- --enable-shared --enable-linker-build-id --libexecdir=/usr/lib --without-included-gettext --enable-threads=posix --libdir=/usr/lib --enable-nls --enable-bootstrap --enable-clocale=gnu --enable-libstdcxx-debug --enable-libstdcxx-time=yes --with-default-libstdcxx-abi=new --enable-gnu-unique-object --disable-vtable-verify --enable-plugin --enable-default-pie --with-system-zlib --enable-libphobos-checking=release --with-target-system-zlib=auto --enable-objc-gc=auto --enable-multiarch --disable-werror --enable-cet --with-arch-32=i686 --with-abi=m64 --with-multilib-list=m32,m64,mx32 --enable-multilib --with-tune=generic --enable-offload-targets=nvptx-none=/build/gcc-11-XeT9lY/gcc-11-11.4.0/debian/tmp-nvptx/usr,amdgcn-amdhsa=/build/gcc-11-XeT9lY/gcc-11-11.4.0/debian/tmp-gcn/usr --without-cuda-driver --enable-checking=release --build=x86_64-linux-gnu --host=x86_64-linux-gnu --target=x86_64-linux-gnu --with-build-config=bootstrap-lto-lean --enable-link-serialization=2
Thread model: posix
Supported LTO compression algorithms: zlib zstd
gcc version 11.4.0 (Ubuntu 11.4.0-1ubuntu1~22.04) 
... rest of stderr output deleted ...
configure:5011: $? = 0
configure:5000: g++ -V >&5
g++: error: unrecognized command-line option '-V'
g++: fatal error: no input files
compilation terminated.
configure:5011: $? = 1
configure:5000: g++ -qversion >&5
g++: error: unrecognized command-line option '-qversion'; did you mean '--version'?
g++: fatal error: no input files
compilation terminated.
configure:5011: $? = 1
configure:5015: checking whether we are using the GNU C++ compiler
configure:5034: g++ -c   conftest.cpp >&5
configure:5034: $? = 0
configure:5043: result: yes
configure:5052: checking whether g++ accepts -g
configure:5072: g++ -c -g  conftest.cpp >&5
configure:5072: $? = 0
configure:5113: result: yes
configure:5138: checking dependency style of g++
configure:5249: result: gcc3
configure:5312: checking for gcc
configure:5339: result: gcc
configure:5568: checking for C compiler version
configure:5577: gcc --version >&5
gcc (Ubuntu 11.4.0-1ubuntu1~22.04) 11.4.0
Copyright (C) 2021 Free Software Foundation, Inc.
This is free software; see the source for copying conditions.  There is NO
warranty; not even for MERCHANTABILITY or FITNESS FOR A PARTICULAR PURPOSE.

configure:5588: $? = 0
configure:5577: gcc -v >&5
Using built-in specs.
COLLECT_GCC=gcc
COLLECT_LTO_WRAPPER=/usr/lib/gcc/x86_64-linux-gnu/11/lto-wrapper
OFFLOAD_TARGET_NAMES=nvptx-none:amdgcn-amdhsa
OFFLOAD_TARGET_DEFAULT=1
Target: x86_64-linux-gnu
Configured with: ../src/configure -v --with-pkgversion='Ubuntu 11.4.0-1ubuntu1~22.04' --with-bugurl=file:///usr/share/doc/gcc-11/README.Bugs --enable-languages=c,ada,c++,go,brig,d,fortran,objc,obj-c++,m2 --prefix=/usr --with-gcc-major-version-only --program-suffix=-11 --program-prefix=x86_64-linux-gnu- --enable-shared --enable-linker-build-id --libexecdir=/usr/lib --without-included-gettext --enable-threads=posix --libdir=/usr/lib --enable-nls --enable-bootstrap --enable-clocale=gnu --enable-libstdcxx-debug --enable-libstdcxx-time=yes --with-default-libstdcxx-abi=new --enable-gnu-unique-object --disable-vtable-verify --enable-plugin --enable-default-pie --with-system-zlib --enable-libphobos-checking=release --with-target-system-zlib=auto --enable-objc-gc=auto --enable-multiarch --disable-werror --enable-cet --with-arch-32=i686 --with-abi=m64 --with-multilib-list=m32,m64,mx32 --enable-multilib --with-tune=generic --enable-offload-targets=nvptx-none=/build/gcc-11-XeT9lY/gcc-11-11.4.0/debian/tmp-nvptx/usr,amdgcn-amdhsa=/build/gcc-11-XeT9lY/gcc-11-11.4.0/debian/tmp-gcn/usr --without-cuda-driver --enable-checking=release --build=x86_64-linux-gnu --host=x86_64-linux-gnu --target=x86_64-linux-gnu --with-build-config=bootstrap-lto-lean --enable-link-serialization=2
Thread model: posix
Supported LTO compression algorithms: zlib zstd
gcc version 11.4.0 (Ubuntu 11.4.0-1ubuntu1~22.04) 
... rest of stderr output deleted ...
configure:5588: $? = 0
configure:5577: gcc -V >&5
gcc: error: unrecognized command-line option '-V'
gcc: fatal error: no input files
compilation terminated.
configure:5588: $? = 1
configure:5577: gcc -qversion >&5
gcc: error: unrecognized command-line option '-qversion'; did you mean '--version'?
gcc: fatal error: no input files
compilation terminated.
configure:5588: $? = 1
configure:5592: checking whether we are using the GNU C compiler
configure:5620: result: yes
configure:5629: checking whether gcc accepts -g
configure:5690: result: yes
configure:5707: checking for gcc option to accept ISO C89
configure:5783: result: none needed
configure:5808: checking whether gcc understands -c and -o together
configure:5845: result: yes
configure:5864: checking dependency style of gcc
configure:5975: result: gcc3
configure:5995: checking how to run the C preprocessor
configure:6065: result: gcc -E
configure:6085: gcc -E  conftest.c
configure:6085: $? = 0
configure:6099: gcc -E  conftest.c
conftest.c:38:10: fatal error: ac_nonexistent.h: No such file or directory
   38 | #include <ac_nonexistent.h>
      |          ^~~~~~~~~~~~~~~~~~
compilation terminated.
configure:6099: $? = 1
configure: failed program was:
| /* confdefs.h */
| #define PACKAGE_NAME "libspatialite"
| #define PACKAGE_TARNAME "libspatialite"
| #define PACKAGE_VERSION "5.1.0"
| #define PACKAGE_STRING "libspatialite 5.1.0"
| #define PACKAGE_BUGREPORT "a.furieri@lqt.it"
| #define PACKAGE_URL ""
| #define _LARGE_FILE 1
| #define _FILE_OFFSET_BITS 64
| #define _LARGEFILE_SOURCE 1
| #define NDEBUG 1
| #define STDC_HEADERS 1
| #define HAVE_SYS_TYPES_H 1
| #define HAVE_SYS_STAT_H 1
| #define HAVE_STDLIB_H 1
| #define HAVE_STRING_H 1
| #define HAVE_MEMORY_H 1
| #define HAVE_STRINGS_H 1
| #define HAVE_INTTYPES_H 1
| #define HAVE_STDINT_H 1
| #define HAVE_UNISTD_H 1
| #define HAVE_STDLIB_H 1
| #define HAVE_STDIO_H 1
| #define HAVE_STRING_H 1
| #define HAVE_MEMORY_H 1
| #define HAVE_MATH_H 1
| #define HAVE_FLOAT_H 1
| #define HAVE_FCNTL_H 1
| #define HAVE_INTTYPES_H 1
| #define HAVE_STDDEF_H 1
| #define HAVE_STDINT_H 1
| #define HAVE_SYS_TIME_H 1
| #define HAVE_UNISTD_H 1
| #define HAVE_SQLITE3_H 1
| #define HAVE_SQLITE3EXT_H 1
| #define HAVE_ZLIB_H 1
| /* end confdefs.h.  */
| #include <ac_nonexistent.h>
configure:6128: checking whether ln -s works
configure:6132: result: yes
configure:6139: checking whether make sets $(MAKE)
configure:6161: result: yes
configure:6199: checking build system type
configure:6213: result: x86_64-unknown-linux-gnu
configure:6233: checking host system type
configure:6246: result: x86_64-unknown-linux-gnu
configure:6287: checking how to print strings
configure:6314: result: printf
configure:6335: checking for a sed that does not truncate output
configure:6399: result: /usr/bin/sed
configure:6417: checking for fgrep
configure:6479: result: /usr/bin/grep -F
configure:6514: checking for ld used by gcc
configure:6581: result: /usr/bin/ld
configure:6588: checking if the linker (/usr/bin/ld) is GNU ld
configure:6603: result: yes
configure:6615: checking for BSD- or MS-compatible name lister (nm)
configure:6669: result: /usr/bin/nm -B
configure:6799: checking the name lister (/usr/bin/nm -B) interface
configure:6806: gcc -c -g -O2  conftest.c >&5
configure:6809: /usr/bin/nm -B "conftest.o"
configure:6812: output
0000000000000000 B some_variable
configure:6819: result: BSD nm
configure:6823: checking the maximum length of command line arguments
configure:6954: result: 1572864
configure:7002: checking how to convert x86_64-unknown-linux-gnu file names to x86_64-unknown-linux-gnu format
configure:7042: result: func_convert_file_noop
configure:7049: checking how to convert x86_64-unknown-linux-gnu file names to toolchain format
configure:7069: result: func_convert_file_noop
configure:7076: checking for /usr/bin/ld option to reload object files
configure:7083: result: -r
configure:7157: checking for objdump
configure:7173: found /usr/bin/objdump
configure:7184: result: objdump
configure:7213: checking how to recognize dependent libraries
configure:7413: result: pass_all
configure:7498: checking for dlltool
configure:7528: result: no
configure:7555: checking how to associate runtime and link libraries
configure:7582: result: printf %s\n
configure:7642: checking for ar
configure:7658: found /usr/bin/ar
configure:7669: result: ar
configure:7706: checking for archiver @FILE support
configure:7723: gcc -c -g -O2  conftest.c >&5
configure:7723: $? = 0
configure:7726: ar cru libconftest.a @conftest.lst >&5
ar: `u' modifier ignored since `D' is the default (see `U')
configure:7729: $? = 0
configure:7734: ar cru libconftest.a @conftest.lst >&5
ar: `u' modifier ignored since `D' is the default (see `U')
ar: conftest.o: No such file or directory
configure:7737: $? = 1
configure:7749: result: @
configure:7807: checking for strip
configure:7823: found /usr/bin/strip
configure:7834: result: strip
configure:7906: checking for ranlib
configure:7922: found /usr/bin/ranlib
configure:7933: result: ranlib
configure:8035: checking command to parse /usr/bin/nm -B output from gcc object
configure:8188: gcc -c -g -O2  conftest.c >&5
configure:8191: $? = 0
configure:8195: /usr/bin/nm -B conftest.o \| sed -n -e 's/^.*[ ]\([ABCDGIRSTW][ABCDGIRSTW]*\)[ ][ ]*\([_A-Za-z][_A-Za-z0-9]*\)$/\1 \2 \2/p' | sed '/ __gnu_lto/d' \> conftest.nm
configure:8198: $? = 0
configure:8264: gcc -o conftest -g -O2   conftest.c conftstm.o >&5
configure:8267: $? = 0
configure:8305: result: ok
configure:8352: checking for sysroot
configure:8382: result: no
configure:8389: checking for a working dd
configure:8427: result: /usr/bin/dd
configure:8431: checking how to truncate binary pipes
configure:8446: result: /usr/bin/dd bs=4096 count=1
configure:8582: gcc -c -g -O2  conftest.c >&5
configure:8585: $? = 0
configure:8775: checking for mt
configure:8805: result: no
configure:8825: checking if : is a manifest tool
configure:8831: : '-?'
configure:8839: result: no
configure:9513: checking for dlfcn.h
configure:9513: gcc -c -g -O2  conftest.c >&5
configure:9513: $? = 0
configure:9513: result: yes
configure:10078: checking for objdir
configure:10093: result: .libs
configure:10357: checking if gcc supports -fno-rtti -fno-exceptions
configure:10375: gcc -c -g -O2  -fno-rtti -fno-exceptions conftest.c >&5
cc1: warning: command-line option '-fno-rtti' is valid for C++/D/ObjC++ but not for C
configure:10379: $? = 0
configure:10392: result: no
configure:10750: checking for gcc option to produce PIC
configure:10757: result: -fPIC -DPIC
configure:10765: checking if gcc PIC flag -fPIC -DPIC works
configure:10783: gcc -c -g -O2  -fPIC -DPIC -DPIC conftest.c >&5
configure:10787: $? = 0
configure:10800: result: yes
configure:10829: checking if gcc static flag -static works
configure:10857: result: yes
configure:10872: checking if gcc supports -c -o file.o
configure:10893: gcc -c -g -O2  -o out/conftest2.o conftest.c >&5
configure:10897: $? = 0
configure:10919: result: yes
configure:10927: checking if gcc supports -c -o file.o
configure:10974: result: yes
configure:11007: checking whether the gcc linker (/usr/bin/ld) supports shared libraries
configure:12266: result: yes
configure:12303: checking whether -lc should be explicitly linked in
configure:12311: gcc -c -g -O2  conftest.c >&5
configure:12314: $? = 0
configure:12329: gcc -shared  -fPIC -DPIC conftest.o  -v -Wl,-soname -Wl,conftest -o conftest 2\>\&1 \| /usr/bin/grep  -lc  \>/dev/null 2\>\&1
configure:12332: $? = 0
configure:12346: result: no
configure:12506: checking dynamic linker characteristics
configure:13087: gcc -o conftest -g -O2   -Wl,-rpath -Wl,/foo conftest.c  >&5
configure:13087: $? = 0
configure:13327: result: GNU/Linux ld.so
configure:13449: checking how to hardcode library paths into programs
configure:13474: result: immediate
configure:14022: checking whether stripping libraries is possible
configure:14027: result: yes
configure:14062: checking if libtool supports shared libraries
configure:14064: result: yes
configure:14067: checking whether to build shared libraries
configure:14092: result: yes
configure:14095: checking whether to build static libraries
configure:14099: result: yes
configure:14122: checking how to run the C++ preprocessor
configure:14149: g++ -E  conftest.cpp
configure:14149: $? = 0
configure:14163: g++ -E  conftest.cpp
conftest.cpp:40:10: fatal error: ac_nonexistent.h: No such file or directory
   40 | #include <ac_nonexistent.h>
      |          ^~~~~~~~~~~~~~~~~~
compilation terminated.
configure:14163: $? = 1
configure: failed program was:
| /* confdefs.h */
| #define PACKAGE_NAME "libspatialite"
| #define PACKAGE_TARNAME "libspatialite"
| #define PACKAGE_VERSION "5.1.0"
| #define PACKAGE_STRING "libspatialite 5.1.0"
| #define PACKAGE_BUGREPORT "a.furieri@lqt.it"
| #define PACKAGE_URL ""
| #define _LARGE_FILE 1
| #define _FILE_OFFSET_BITS 64
| #define _LARGEFILE_SOURCE 1
| #define NDEBUG 1
| #define STDC_HEADERS 1
| #define HAVE_SYS_TYPES_H 1
| #define HAVE_SYS_STAT_H 1
| #define HAVE_STDLIB_H 1
| #define HAVE_STRING_H 1
| #define HAVE_MEMORY_H 1
| #define HAVE_STRINGS_H 1
| #define HAVE_INTTYPES_H 1
| #define HAVE_STDINT_H 1
| #define HAVE_UNISTD_H 1
| #define HAVE_STDLIB_H 1
| #define HAVE_STDIO_H 1
| #define HAVE_STRING_H 1
| #define HAVE_MEMORY_H 1
| #define HAVE_MATH_H 1
| #define HAVE_FLOAT_H 1
| #define HAVE_FCNTL_H 1
| #define HAVE_INTTYPES_H 1
| #define HAVE_STDDEF_H 1
| #define HAVE_STDINT_H 1
| #define HAVE_SYS_TIME_H 1
| #define HAVE_UNISTD_H 1
| #define HAVE_SQLITE3_H 1
| #define HAVE_SQLITE3EXT_H 1
| #define HAVE_ZLIB_H 1
| #define HAVE_DLFCN_H 1
| #define LT_OBJDIR ".libs/"
| /* end confdefs.h.  */
| #include <ac_nonexistent.h>
configure:14188: result: g++ -E
configure:14208: g++ -E  conftest.cpp
configure:14208: $? = 0
configure:14222: g++ -E  conftest.cpp
conftest.cpp:40:10: fatal error: ac_nonexistent.h: No such file or directory
   40 | #include <ac_nonexistent.h>
      |          ^~~~~~~~~~~~~~~~~~
compilation terminated.
configure:14222: $? = 1
configure: failed program was:
| /* confdefs.h */
| #define PACKAGE_NAME "libspatialite"
| #define PACKAGE_TARNAME "libspatialite"
| #define PACKAGE_VERSION "5.1.0"
| #define PACKAGE_STRING "libspatialite 5.1.0"
| #define PACKAGE_BUGREPORT "a.furieri@lqt.it"
| #define PACKAGE_URL ""
| #define _LARGE_FILE 1
| #define _FILE_OFFSET_BITS 64
| #define _LARGEFILE_SOURCE 1
| #define NDEBUG 1
| #define STDC_HEADERS 1
| #define HAVE_SYS_TYPES_H 1
| #define HAVE_SYS_STAT_H 1
| #define HAVE_STDLIB_H 1
| #define HAVE_STRING_H 1
| #define HAVE_MEMORY_H 1
| #define HAVE_STRINGS_H 1
| #define HAVE_INTTYPES_H 1
| #define HAVE_STDINT_H 1
| #define HAVE_UNISTD_H 1
| #define HAVE_STDLIB_H 1
| #define HAVE_STDIO_H 1
| #define HAVE_STRING_H 1
| #define HAVE_MEMORY_H 1
| #define HAVE_MATH_H 1
| #define HAVE_FLOAT_H 1
| #define HAVE_FCNTL_H 1
| #define HAVE_INTTYPES_H 1
| #define HAVE_STDDEF_H 1
| #define HAVE_STDINT_H 1
| #define HAVE_SYS_TIME_H 1
| #define HAVE_UNISTD_H 1
| #define HAVE_SQLITE3_H 1
| #define HAVE_SQLITE3EXT_H 1
| #define HAVE_ZLIB_H 1
| #define HAVE_DLFCN_H 1
| #define LT_OBJDIR ".libs/"
| /* end confdefs.h.  */
| #include <ac_nonexistent.h>
configure:14384: checking for ld used by g++
configure:14451: result: /usr/bin/ld
configure:14458: checking if the linker (/usr/bin/ld) is GNU ld
configure:14473: result: yes
configure:14528: checking whether the g++ linker (/usr/bin/ld) supports shared libraries
configure:15601: result: yes
configure:15637: g++ -c -g -O2  conftest.cpp >&5
configure:15640: $? = 0
configure:16121: checking for g++ option to produce PIC
configure:16128: result: -fPIC -DPIC
configure:16136: checking if g++ PIC flag -fPIC -DPIC works
configure:16154: g++ -c -g -O2  -fPIC -DPIC -DPIC conftest.cpp >&5
configure:16158: $? = 0
configure:16171: result: yes
configure:16194: checking if g++ static flag -static works
configure:16222: result: yes
configure:16234: checking if g++ supports -c -o file.o
configure:16255: g++ -c -g -O2  -o out/conftest2.o conftest.cpp >&5
configure:16259: $? = 0
configure:16281: result: yes
configure:16286: checking if g++ supports -c -o file.o
configure:16333: result: yes
configure:16363: checking whether the g++ linker (/usr/bin/ld) supports shared libraries
configure:16403: result: yes
configure:16544: checking dynamic linker characteristics
configure:17292: result: GNU/Linux ld.so
configure:17357: checking how to hardcode library paths into programs
configure:17382: result: immediate
configure:17445: checking for an ANSI C-conforming const
configure:17511: gcc -c -g -O2  conftest.c >&5
configure:17511: $? = 0
configure:17518: result: yes
configure:17526: checking for off_t
configure:17526: gcc -c -g -O2  conftest.c >&5
configure:17526: $? = 0
configure:17526: gcc -c -g -O2  conftest.c >&5
conftest.c: In function 'main':
conftest.c:76:20: error: expected expression before ')' token
   76 | if (sizeof ((off_t)))
      |                    ^
configure:17526: $? = 1
configure: failed program was:
| /* confdefs.h */
| #define PACKAGE_NAME "libspatialite"
| #define PACKAGE_TARNAME "libspatialite"
| #define PACKAGE_VERSION "5.1.0"
| #define PACKAGE_STRING "libspatialite 5.1.0"
| #define PACKAGE_BUGREPORT "a.furieri@lqt.it"
| #define PACKAGE_URL ""
| #define _LARGE_FILE 1
| #define _FILE_OFFSET_BITS 64
| #define _LARGEFILE_SOURCE 1
| #define NDEBUG 1
| #define STDC_HEADERS 1
| #define HAVE_SYS_TYPES_H 1
| #define HAVE_SYS_STAT_H 1
| #define HAVE_STDLIB_H 1
| #define HAVE_STRING_H 1
| #define HAVE_MEMORY_H 1
| #define HAVE_STRINGS_H 1
| #define HAVE_INTTYPES_H 1
| #define HAVE_STDINT_H 1
| #define HAVE_UNISTD_H 1
| #define HAVE_STDLIB_H 1
| #define HAVE_STDIO_H 1
| #define HAVE_STRING_H 1
| #define HAVE_MEMORY_H 1
| #define HAVE_MATH_H 1
| #define HAVE_FLOAT_H 1
| #define HAVE_FCNTL_H 1
| #define HAVE_INTTYPES_H 1
| #define HAVE_STDDEF_H 1
| #define HAVE_STDINT_H 1
| #define HAVE_SYS_TIME_H 1
| #define HAVE_UNISTD_H 1
| #define HAVE_SQLITE3_H 1
| #define HAVE_SQLITE3EXT_H 1
| #define HAVE_ZLIB_H 1
| #define HAVE_DLFCN_H 1
| #define LT_OBJDIR ".libs/"
| /* end confdefs.h.  */
| #include <stdio.h>
| #ifdef HAVE_SYS_TYPES_H
| # include <sys/types.h>
| #endif
| #ifdef HAVE_SYS_STAT_H
| # include <sys/stat.h>
| #endif
| #ifdef STDC_HEADERS
| # include <stdlib.h>
| # include <stddef.h>
| #else
| # ifdef HAVE_STDLIB_H
| #  include <stdlib.h>
| # endif
| #endif
| #ifdef HAVE_STRING_H
| # if !defined STDC_HEADERS && defined HAVE_MEMORY_H
| #  include <memory.h>
| # endif
| # include <string.h>
| #endif
| #ifdef HAVE_STRINGS_H
| # include <strings.h>
| #endif
| #ifdef HAVE_INTTYPES_H
| # include <inttypes.h>
| #endif
| #ifdef HAVE_STDINT_H
| # include <stdint.h>
| #endif
| #ifdef HAVE_UNISTD_H
| # include <unistd.h>
| #endif
| int
| main ()
| {
| if (sizeof ((off_t)))
| 	    return 0;
|   ;
|   return 0;
| }
configure:17526: result: yes
configure:17537: checking for size_t
configure:17537: gcc -c -g -O2  conftest.c >&5
configure:17537: $? = 0
configure:17537: gcc -c -g -O2  conftest.c >&5
conftest.c: In function 'main':
conftest.c:76:21: error: expected expression before ')' token
   76 | if (sizeof ((size_t)))
      |                     ^
configure:17537: $? = 1
configure: failed program was:
| /* confdefs.h */
| #define PACKAGE_NAME "libspatialite"
| #define PACKAGE_TARNAME "libspatialite"
| #define PACKAGE_VERSION "5.1.0"
| #define PACKAGE_STRING "libspatialite 5.1.0"
| #define PACKAGE_BUGREPORT "a.furieri@lqt.it"
| #define PACKAGE_URL ""
| #define _LARGE_FILE 1
| #define _FILE_OFFSET_BITS 64
| #define _LARGEFILE_SOURCE 1
| #define NDEBUG 1
| #define STDC_HEADERS 1
| #define HAVE_SYS_TYPES_H 1
| #define HAVE_SYS_STAT_H 1
| #define HAVE_STDLIB_H 1
| #define HAVE_STRING_H 1
| #define HAVE_MEMORY_H 1
| #define HAVE_STRINGS_H 1
| #define HAVE_INTTYPES_H 1
| #define HAVE_STDINT_H 1
| #define HAVE_UNISTD_H 1
| #define HAVE_STDLIB_H 1
| #define HAVE_STDIO_H 1
| #define HAVE_STRING_H 1
| #define HAVE_MEMORY_H 1
| #define HAVE_MATH_H 1
| #define HAVE_FLOAT_H 1
| #define HAVE_FCNTL_H 1
| #define HAVE_INTTYPES_H 1
| #define HAVE_STDDEF_H 1
| #define HAVE_STDINT_H 1
| #define HAVE_SYS_TIME_H 1
| #define HAVE_UNISTD_H 1
| #define HAVE_SQLITE3_H 1
| #define HAVE_SQLITE3EXT_H 1
| #define HAVE_ZLIB_H 1
| #define HAVE_DLFCN_H 1
| #define LT_OBJDIR ".libs/"
| /* end confdefs.h.  */
| #include <stdio.h>
| #ifdef HAVE_SYS_TYPES_H
| # include <sys/types.h>
| #endif
| #ifdef HAVE_SYS_STAT_H
| # include <sys/stat.h>
| #endif
| #ifdef STDC_HEADERS
| # include <stdlib.h>
| # include <stddef.h>
| #else
| # ifdef HAVE_STDLIB_H
| #  include <stdlib.h>
| # endif
| #endif
| #ifdef HAVE_STRING_H
| # if !defined STDC_HEADERS && defined HAVE_MEMORY_H
| #  include <memory.h>
| # endif
| # include <string.h>
| #endif
| #ifdef HAVE_STRINGS_H
| # include <strings.h>
| #endif
| #ifdef HAVE_INTTYPES_H
| # include <inttypes.h>
| #endif
| #ifdef HAVE_STDINT_H
| # include <stdint.h>
| #endif
| #ifdef HAVE_UNISTD_H
| # include <unistd.h>
| #endif
| int
| main ()
| {
| if (sizeof ((size_t)))
| 	    return 0;
|   ;
|   return 0;
| }
configure:17537: result: yes
configure:17548: checking whether struct tm is in sys/time.h or time.h
configure:17568: gcc -c -g -O2  conftest.c >&5
configure:17568: $? = 0
configure:17575: result: time.h
configure:17583: checking for working volatile
configure:17602: gcc -c -g -O2  conftest.c >&5
configure:17602: $? = 0
configure:17609: result: yes
configure:17619: checking whether lstat correctly handles trailing slash
configure:17645: gcc -o conftest -g -O2   conftest.c  >&5
configure:17645: $? = 0
configure:17645: ./conftest
configure:17645: $? = 0
configure:17662: result: yes
configure:17681: checking whether lstat accepts an empty string
configure:17701: gcc -o conftest -g -O2   conftest.c  >&5
configure:17701: $? = 0
configure:17701: ./conftest
configure:17701: $? = 0
configure:17711: result: no
configure:17727: checking whether lstat correctly handles trailing slash
configure:17770: result: yes
configure:17789: checking for working memcmp
configure:17832: gcc -o conftest -g -O2   conftest.c  >&5
configure:17832: $? = 0
configure:17832: ./conftest
configure:17832: $? = 0
configure:17842: result: yes
configure:17851: checking whether stat accepts an empty string
configure:17871: gcc -o conftest -g -O2   conftest.c  >&5
configure:17871: $? = 0
configure:17871: ./conftest
configure:17871: $? = 0
configure:17881: result: no
configure:17899: checking for strftime
configure:17899: gcc -o conftest -g -O2   conftest.c  >&5
conftest.c:65:6: warning: conflicting types for built-in function 'strftime'; expected 'long unsigned int(char *, long unsigned int,  const char *, const void *)' [-Wbuiltin-declaration-mismatch]
   65 | char strftime ();
      |      ^~~~~~~~
conftest.c:53:1: note: 'strftime' is declared in header '<time.h>'
   52 | # include <limits.h>
   53 | #else
configure:17899: $? = 0
configure:17899: result: yes
configure:17955: checking for memset
configure:17955: gcc -o conftest -g -O2   conftest.c  >&5
conftest.c:66:6: warning: conflicting types for built-in function 'memset'; expected 'void *(void *, int,  long unsigned int)' [-Wbuiltin-declaration-mismatch]
   66 | char memset ();
      |      ^~~~~~
conftest.c:54:1: note: 'memset' is declared in header '<string.h>'
   53 | # include <limits.h>
   54 | #else
configure:17955: $? = 0
configure:17955: result: yes
configure:17955: checking for sqrt
configure:17955: gcc -o conftest -g -O2   conftest.c  >&5
conftest.c:67:6: warning: conflicting types for built-in function 'sqrt'; expected 'double(double)' [-Wbuiltin-declaration-mismatch]
   67 | char sqrt ();
      |      ^~~~
conftest.c:55:1: note: 'sqrt' is declared in header '<math.h>'
   54 | # include <limits.h>
   55 | #else
/usr/bin/ld: /tmp/ccuhycMS.o: in function `main':
/build/libspatialite-5.1.0/conftest.c:78: undefined reference to `sqrt'
collect2: error: ld returned 1 exit status
configure:17955: $? = 1
configure: failed program was:
| /* confdefs.h */
| #define PACKAGE_NAME "libspatialite"
| #define PACKAGE_TARNAME "libspatialite"
| #define PACKAGE_VERSION "5.1.0"
| #define PACKAGE_STRING "libspatialite 5.1.0"
| #define PACKAGE_BUGREPORT "a.furieri@lqt.it"
| #define PACKAGE_URL ""
| #define _LARGE_FILE 1
| #define _FILE_OFFSET_BITS 64
| #define _LARGEFILE_SOURCE 1
| #define NDEBUG 1
| #define STDC_HEADERS 1
| #define HAVE_SYS_TYPES_H 1
| #define HAVE_SYS_STAT_H 1
| #define HAVE_STDLIB_H 1
| #define HAVE_STRING_H 1
| #define HAVE_MEMORY_H 1
| #define HAVE_STRINGS_H 1
| #define HAVE_INTTYPES_H 1
| #define HAVE_STDINT_H 1
| #define HAVE_UNISTD_H 1
| #define HAVE_STDLIB_H 1
| #define HAVE_STDIO_H 1
| #define HAVE_STRING_H 1
| #define HAVE_MEMORY_H 1
| #define HAVE_MATH_H 1
| #define HAVE_FLOAT_H 1
| #define HAVE_FCNTL_H 1
| #define HAVE_INTTYPES_H 1
| #define HAVE_STDDEF_H 1
| #define HAVE_STDINT_H 1
| #define HAVE_SYS_TIME_H 1
| #define HAVE_UNISTD_H 1
| #define HAVE_SQLITE3_H 1
| #define HAVE_SQLITE3EXT_H 1
| #define HAVE_ZLIB_H 1
| #define HAVE_DLFCN_H 1
| #define LT_OBJDIR ".libs/"
| #define LSTAT_FOLLOWS_SLASHED_SYMLINK 1
| #define LSTAT_FOLLOWS_SLASHED_SYMLINK 1
| #define HAVE_STRFTIME 1
| #define HAVE_MEMSET 1
| /* end confdefs.h.  */
| /* Define sqrt to an innocuous variant, in case <limits.h> declares sqrt.
|    For example, HP-UX 11i <limits.h> declares gettimeofday.  */
| #define sqrt innocuous_sqrt
| 
| /* System header to define __stub macros and hopefully few prototypes,
|     which can conflict with char sqrt (); below.
|     Prefer <limits.h> to <assert.h> if __STDC__ is defined, since
|     <limits.h> exists even on freestanding compilers.  */
| 
| #ifdef __STDC__
| # include <limits.h>
| #else
| # include <assert.h>
| #endif
| 
| #undef sqrt
| 
| /* Override any GCC internal prototype to avoid an error.
|    Use char because int might match the return type of a GCC
|    builtin and then its argument prototype would still apply.  */
| #ifdef __cplusplus
| extern "C"
| #endif
| char sqrt ();
| /* The GNU C library defines this for functions which it implements
|     to always fail with ENOSYS.  Some functions are actually named
|     something starting with __ and the normal name is an alias.  */
| #if defined __stub_sqrt || defined __stub___sqrt
| choke me
| #endif
| 
| int
| main ()
| {
| return sqrt ();
|   ;
|   return 0;
| }
configure:17955: result: no
configure:17955: checking for strcasecmp
configure:17955: gcc -o conftest -g -O2   conftest.c  >&5
conftest.c:67:6: warning: conflicting types for built-in function 'strcasecmp'; expected 'int(const char *, const char *)' [-Wbuiltin-declaration-mismatch]
   67 | char strcasecmp ();
      |      ^~~~~~~~~~
configure:17955: $? = 0
configure:17955: result: yes
configure:17955: checking for strerror
configure:17955: gcc -o conftest -g -O2   conftest.c  >&5
configure:17955: $? = 0
configure:17955: result: yes
configure:17955: checking for strncasecmp
configure:17955: gcc -o conftest -g -O2   conftest.c  >&5
conftest.c:69:6: warning: conflicting types for built-in function 'strncasecmp'; expected 'int(const char *, const char *, long unsigned int)' [-Wbuiltin-declaration-mismatch]
   69 | char strncasecmp ();
      |      ^~~~~~~~~~~
configure:17955: $? = 0
configure:17955: result: yes
configure:17955: checking for strstr
configure:17955: gcc -o conftest -g -O2   conftest.c  >&5
conftest.c:70:6: warning: conflicting types for built-in function 'strstr'; expected 'char *(const char *, const char *)' [-Wbuiltin-declaration-mismatch]
   70 | char strstr ();
      |      ^~~~~~
conftest.c:58:1: note: 'strstr' is declared in header '<string.h>'
   57 | # include <limits.h>
   58 | #else
configure:17955: $? = 0
configure:17955: result: yes
configure:17955: checking for fdatasync
configure:17955: gcc -o conftest -g -O2   conftest.c  >&5
configure:17955: $? = 0
configure:17955: result: yes
configure:17955: checking for ftruncate
configure:17955: gcc -o conftest -g -O2   conftest.c  >&5
configure:17955: $? = 0
configure:17955: result: yes
configure:17955: checking for getcwd
configure:17955: gcc -o conftest -g -O2   conftest.c  >&5
configure:17955: $? = 0
configure:17955: result: yes
configure:17955: checking for gettimeofday
configure:17955: gcc -o conftest -g -O2   conftest.c  >&5
configure:17955: $? = 0
configure:17955: result: yes
configure:17955: checking for localtime_r
configure:17955: gcc -o conftest -g -O2   conftest.c  >&5
configure:17955: $? = 0
configure:17955: result: yes
configure:17955: checking for memmove
configure:17955: gcc -o conftest -g -O2   conftest.c  >&5
conftest.c:76:6: warning: conflicting types for built-in function 'memmove'; expected 'void *(void *, const void *, long unsigned int)' [-Wbuiltin-declaration-mismatch]
   76 | char memmove ();
      |      ^~~~~~~
conftest.c:64:1: note: 'memmove' is declared in header '<string.h>'
   63 | # include <limits.h>
   64 | #else
configure:17955: $? = 0
configure:17955: result: yes
configure:17955: checking for strerror
configure:17955: result: yes
configure:17967: checking for inflateInit_ in -lz
configure:17992: gcc -o conftest -g -O2   conftest.c -lz -lm  >&5
configure:17992: $? = 0
configure:18001: result: yes
configure:18101: checking for pkg-config
configure:18119: found /usr/bin/pkg-config
configure:18131: result: /usr/bin/pkg-config
configure:18156: checking pkg-config is at least version 0.9.0
configure:18159: result: yes
configure:18169: checking for SQLITE3
configure:18176: $PKG_CONFIG --exists --print-errors "sqlite3"
configure:18179: $? = 0
configure:18193: $PKG_CONFIG --exists --print-errors "sqlite3"
configure:18196: $? = 0
configure:18234: result: yes
configure:18253: checking proj.h usability
configure:18253: gcc -c -g -O2  conftest.c >&5
configure:18253: $? = 0
configure:18253: result: yes
configure:18253: checking proj.h presence
configure:18253: gcc -E  conftest.c
configure:18253: $? = 0
configure:18253: result: yes
configure:18253: checking for proj.h
configure:18253: result: yes
configure:18278: checking for library containing proj_normalize_for_visualization
configure:18309: gcc -o conftest -g -O2   conftest.c -lz  >&5
/usr/bin/ld: /tmp/ccmnmsoN.o: in function `main':
/build/libspatialite-5.1.0/conftest.c:70: undefined reference to `proj_normalize_for_visualization'
collect2: error: ld returned 1 exit status
configure:18309: $? = 1
configure: failed program was:
| /* confdefs.h */
| #define PACKAGE_NAME "libspatialite"
| #define PACKAGE_TARNAME "libspatialite"
| #define PACKAGE_VERSION "5.1.0"
| #define PACKAGE_STRING "libspatialite 5.1.0"
| #define PACKAGE_BUGREPORT "a.furieri@lqt.it"
| #define PACKAGE_URL ""
| #define _LARGE_FILE 1
| #define _FILE_OFFSET_BITS 64
| #define _LARGEFILE_SOURCE 1
| #define NDEBUG 1
| #define STDC_HEADERS 1
| #define HAVE_SYS_TYPES_H 1
| #define HAVE_SYS_STAT_H 1
| #define HAVE_STDLIB_H 1
| #define HAVE_STRING_H 1
| #define HAVE_MEMORY_H 1
| #define HAVE_STRINGS_H 1
| #define HAVE_INTTYPES_H 1
| #define HAVE_STDINT_H 1
| #define HAVE_UNISTD_H 1
| #define HAVE_STDLIB_H 1
| #define HAVE_STDIO_H 1
| #define HAVE_STRING_H 1
| #define HAVE_MEMORY_H 1
| #define HAVE_MATH_H 1
| #define HAVE_FLOAT_H 1
| #define HAVE_FCNTL_H 1
| #define HAVE_INTTYPES_H 1
| #define HAVE_STDDEF_H 1
| #define HAVE_STDINT_H 1
| #define HAVE_SYS_TIME_H 1
| #define HAVE_UNISTD_H 1
| #define HAVE_SQLITE3_H 1
| #define HAVE_SQLITE3EXT_H 1
| #define HAVE_ZLIB_H 1
| #define HAVE_DLFCN_H 1
| #define LT_OBJDIR ".libs/"
| #define LSTAT_FOLLOWS_SLASHED_SYMLINK 1
| #define LSTAT_FOLLOWS_SLASHED_SYMLINK 1
| #define HAVE_STRFTIME 1
| #define HAVE_MEMSET 1
| #define HAVE_STRCASECMP 1
| #define HAVE_STRERROR 1
| #define HAVE_STRNCASECMP 1
| #define HAVE_STRSTR 1
| #define HAVE_FDATASYNC 1
| #define HAVE_FTRUNCATE 1
| #define HAVE_GETCWD 1
| #define HAVE_GETTIMEOFDAY 1
| #define HAVE_LOCALTIME_R 1
| #define HAVE_MEMMOVE 1
| #define HAVE_STRERROR 1
| #define HAVE_LIBZ 1
| #define SPATIALITE_TARGET_CPU "x86_64-linux-gnu"
| #define SPATIALITE_VERSION "5.1.0"
| #define HAVE_PROJ_H 1
| /* end confdefs.h.  */
| 
| /* Override any GCC internal prototype to avoid an error.
|    Use char because int might match the return type of a GCC
|    builtin and then its argument prototype would still apply.  */
| #ifdef __cplusplus
| extern "C"
| #endif
| char proj_normalize_for_visualization ();
| int
| main ()
| {
| return proj_normalize_for_visualization ();
|   ;
|   return 0;
| }
configure:18309: gcc -o conftest -g -O2   conftest.c -lproj  -lz  >&5
configure:18309: $? = 0
configure:18326: result: -lproj
configure:18416: checking iconv.h usability
configure:18416: gcc -c -g -O2  conftest.c >&5
configure:18416: $? = 0
configure:18416: result: yes
configure:18416: checking iconv.h presence
configure:18416: gcc -E  conftest.c
configure:18416: $? = 0
configure:18416: result: yes
configure:18416: checking for iconv.h
configure:18416: result: yes
configure:18430: checking for library containing iconv
configure:18461: gcc -o conftest -g -O2   conftest.c -lproj -lz  >&5
configure:18461: $? = 0
configure:18478: result: none required
configure:18545: checking for library containing locale_charset
configure:18576: gcc -o conftest -g -O2   conftest.c -lproj -lz  >&5
/usr/bin/ld: /tmp/cc3lrAOH.o: in function `main':
/build/libspatialite-5.1.0/conftest.c:72: undefined reference to `locale_charset'
collect2: error: ld returned 1 exit status
configure:18576: $? = 1
configure: failed program was:
| /* confdefs.h */
| #define PACKAGE_NAME "libspatialite"
| #define PACKAGE_TARNAME "libspatialite"
| #define PACKAGE_VERSION "5.1.0"
| #define PACKAGE_STRING "libspatialite 5.1.0"
| #define PACKAGE_BUGREPORT "a.furieri@lqt.it"
| #define PACKAGE_URL ""
| #define _LARGE_FILE 1
| #define _FILE_OFFSET_BITS 64
| #define _LARGEFILE_SOURCE 1
| #define NDEBUG 1
| #define STDC_HEADERS 1
| #define HAVE_SYS_TYPES_H 1
| #define HAVE_SYS_STAT_H 1
| #define HAVE_STDLIB_H 1
| #define HAVE_STRING_H 1
| #define HAVE_MEMORY_H 1
| #define HAVE_STRINGS_H 1
| #define HAVE_INTTYPES_H 1
| #define HAVE_STDINT_H 1
| #define HAVE_UNISTD_H 1
| #define HAVE_STDLIB_H 1
| #define HAVE_STDIO_H 1
| #define HAVE_STRING_H 1
| #define HAVE_MEMORY_H 1
| #define HAVE_MATH_H 1
| #define HAVE_FLOAT_H 1
| #define HAVE_FCNTL_H 1
| #define HAVE_INTTYPES_H 1
| #define HAVE_STDDEF_H 1
| #define HAVE_STDINT_H 1
| #define HAVE_SYS_TIME_H 1
| #define HAVE_UNISTD_H 1
| #define HAVE_SQLITE3_H 1
| #define HAVE_SQLITE3EXT_H 1
| #define HAVE_ZLIB_H 1
| #define HAVE_DLFCN_H 1
| #define LT_OBJDIR ".libs/"
| #define LSTAT_FOLLOWS_SLASHED_SYMLINK 1
| #define LSTAT_FOLLOWS_SLASHED_SYMLINK 1
| #define HAVE_STRFTIME 1
| #define HAVE_MEMSET 1
| #define HAVE_STRCASECMP 1
| #define HAVE_STRERROR 1
| #define HAVE_STRNCASECMP 1
| #define HAVE_STRSTR 1
| #define HAVE_FDATASYNC 1
| #define HAVE_FTRUNCATE 1
| #define HAVE_GETCWD 1
| #define HAVE_GETTIMEOFDAY 1
| #define HAVE_LOCALTIME_R 1
| #define HAVE_MEMMOVE 1
| #define HAVE_STRERROR 1
| #define HAVE_LIBZ 1
| #define SPATIALITE_TARGET_CPU "x86_64-linux-gnu"
| #define SPATIALITE_VERSION "5.1.0"
| #define HAVE_PROJ_H 1
| #define PROJ_NEW 1
| #define HAVE_ICONV_H 1
| /* end confdefs.h.  */
| 
| /* Override any GCC internal prototype to avoid an error.
|    Use char because int might match the return type of a GCC
|    builtin and then its argument prototype would still apply.  */
| #ifdef __cplusplus
| extern "C"
| #endif
| char locale_charset ();
| int
| main ()
| {
| return locale_charset ();
|   ;
|   return 0;
| }
configure:18576: gcc -o conftest -g -O2   conftest.c -lcharset  -lproj -lz  >&5
/usr/bin/ld: cannot find -lcharset: No such file or directory
collect2: error: ld returned 1 exit status
configure:18576: $? = 1
configure: failed program was:
| /* confdefs.h */
| #define PACKAGE_NAME "libspatialite"
| #define PACKAGE_TARNAME "libspatialite"
| #define PACKAGE_VERSION "5.1.0"
| #define PACKAGE_STRING "libspatialite 5.1.0"
| #define PACKAGE_BUGREPORT "a.furieri@lqt.it"
| #define PACKAGE_URL ""
| #define _LARGE_FILE 1
| #define _FILE_OFFSET_BITS 64
| #define _LARGEFILE_SOURCE 1
| #define NDEBUG 1
| #define STDC_HEADERS 1
| #define HAVE_SYS_TYPES_H 1
| #define HAVE_SYS_STAT_H 1
| #define HAVE_STDLIB_H 1
| #define HAVE_STRING_H 1
| #define HAVE_MEMORY_H 1
| #define HAVE_STRINGS_H 1
| #define HAVE_INTTYPES_H 1
| #define HAVE_STDINT_H 1
| #define HAVE_UNISTD_H 1
| #define HAVE_STDLIB_H 1
| #define HAVE_STDIO_H 1
| #define HAVE_STRING_H 1
| #define HAVE_MEMORY_H 1
| #define HAVE_MATH_H 1
| #define HAVE_FLOAT_H 1
| #define HAVE_FCNTL_H 1
| #define HAVE_INTTYPES_H 1
| #define HAVE_STDDEF_H 1
| #define HAVE_STDINT_H 1
| #define HAVE_SYS_TIME_H 1
| #define HAVE_UNISTD_H 1
| #define HAVE_SQLITE3_H 1
| #define HAVE_SQLITE3EXT_H 1
| #define HAVE_ZLIB_H 1
| #define HAVE_DLFCN_H 1
| #define LT_OBJDIR ".libs/"
| #define LSTAT_FOLLOWS_SLASHED_SYMLINK 1
| #define LSTAT_FOLLOWS_SLASHED_SYMLINK 1
| #define HAVE_STRFTIME 1
| #define HAVE_MEMSET 1
| #define HAVE_STRCASECMP 1
| #define HAVE_STRERROR 1
| #define HAVE_STRNCASECMP 1
| #define HAVE_STRSTR 1
| #define HAVE_FDATASYNC 1
| #define HAVE_FTRUNCATE 1
| #define HAVE_GETCWD 1
| #define HAVE_GETTIMEOFDAY 1
| #define HAVE_LOCALTIME_R 1
| #define HAVE_MEMMOVE 1
| #define HAVE_STRERROR 1
| #define HAVE_LIBZ 1
| #define SPATIALITE_TARGET_CPU "x86_64-linux-gnu"
| #define SPATIALITE_VERSION "5.1.0"
| #define HAVE_PROJ_H 1
| #define PROJ_NEW 1
| #define HAVE_ICONV_H 1
| /* end confdefs.h.  */
| 
| /* Override any GCC internal prototype to avoid an error.
|    Use char because int might match the return type of a GCC
|    builtin and then its argument prototype would still apply.  */
| #ifdef __cplusplus
| extern "C"
| #endif
| char locale_charset ();
| int
| main ()
| {
| return locale_charset ();
|   ;
|   return 0;
| }
configure:18593: result: no
configure:18600: checking for library containing nl_langinfo
configure:18631: gcc -o conftest -g -O2   conftest.c -lproj -lz  >&5
configure:18631: $? = 0
configure:18648: result: none required
configure:18797: checking for geos-config
configure:18815: found /usr/local/bin/geos-config
configure:18827: result: /usr/local/bin/geos-config
configure:18862: checking geos_c.h usability
configure:18862: gcc -c -g -O2 -I/usr/local/include conftest.c >&5
configure:18862: $? = 0
configure:18862: result: yes
configure:18862: checking geos_c.h presence
configure:18862: gcc -E -I/usr/local/include conftest.c
configure:18862: $? = 0
configure:18862: result: yes
configure:18862: checking for geos_c.h
configure:18862: result: yes
configure:18878: checking for library containing GEOSCoveredBy
configure:18909: gcc -o conftest -g -O2   conftest.c -L/usr/local/lib >&5
/usr/bin/ld: /tmp/cc5FfSvH.o: in function `main':
/build/libspatialite-5.1.0/conftest.c:74: undefined reference to `GEOSCoveredBy'
collect2: error: ld returned 1 exit status
configure:18909: $? = 1
configure: failed program was:
| /* confdefs.h */
| #define PACKAGE_NAME "libspatialite"
| #define PACKAGE_TARNAME "libspatialite"
| #define PACKAGE_VERSION "5.1.0"
| #define PACKAGE_STRING "libspatialite 5.1.0"
| #define PACKAGE_BUGREPORT "a.furieri@lqt.it"
| #define PACKAGE_URL ""
| #define _LARGE_FILE 1
| #define _FILE_OFFSET_BITS 64
| #define _LARGEFILE_SOURCE 1
| #define NDEBUG 1
| #define STDC_HEADERS 1
| #define HAVE_SYS_TYPES_H 1
| #define HAVE_SYS_STAT_H 1
| #define HAVE_STDLIB_H 1
| #define HAVE_STRING_H 1
| #define HAVE_MEMORY_H 1
| #define HAVE_STRINGS_H 1
| #define HAVE_INTTYPES_H 1
| #define HAVE_STDINT_H 1
| #define HAVE_UNISTD_H 1
| #define HAVE_STDLIB_H 1
| #define HAVE_STDIO_H 1
| #define HAVE_STRING_H 1
| #define HAVE_MEMORY_H 1
| #define HAVE_MATH_H 1
| #define HAVE_FLOAT_H 1
| #define HAVE_FCNTL_H 1
| #define HAVE_INTTYPES_H 1
| #define HAVE_STDDEF_H 1
| #define HAVE_STDINT_H 1
| #define HAVE_SYS_TIME_H 1
| #define HAVE_UNISTD_H 1
| #define HAVE_SQLITE3_H 1
| #define HAVE_SQLITE3EXT_H 1
| #define HAVE_ZLIB_H 1
| #define HAVE_DLFCN_H 1
| #define LT_OBJDIR ".libs/"
| #define LSTAT_FOLLOWS_SLASHED_SYMLINK 1
| #define LSTAT_FOLLOWS_SLASHED_SYMLINK 1
| #define HAVE_STRFTIME 1
| #define HAVE_MEMSET 1
| #define HAVE_STRCASECMP 1
| #define HAVE_STRERROR 1
| #define HAVE_STRNCASECMP 1
| #define HAVE_STRSTR 1
| #define HAVE_FDATASYNC 1
| #define HAVE_FTRUNCATE 1
| #define HAVE_GETCWD 1
| #define HAVE_GETTIMEOFDAY 1
| #define HAVE_LOCALTIME_R 1
| #define HAVE_MEMMOVE 1
| #define HAVE_STRERROR 1
| #define HAVE_LIBZ 1
| #define SPATIALITE_TARGET_CPU "x86_64-linux-gnu"
| #define SPATIALITE_VERSION "5.1.0"
| #define HAVE_PROJ_H 1
| #define PROJ_NEW 1
| #define HAVE_ICONV_H 1
| #define OMIT_FREEXL 1
| #define HAVE_GEOS_C_H 1
| /* end confdefs.h.  */
| 
| /* Override any GCC internal prototype to avoid an error.
|    Use char because int might match the return type of a GCC
|    builtin and then its argument prototype would still apply.  */
| #ifdef __cplusplus
| extern "C"
| #endif
| char GEOSCoveredBy ();
| int
| main ()
| {
| return GEOSCoveredBy ();
|   ;
|   return 0;
| }
configure:18909: gcc -o conftest -g -O2   conftest.c -lgeos_c  -L/usr/local/lib >&5
configure:18909: $? = 0
configure:18926: result: -lgeos_c
configure:18965: checking for library containing GEOSDelaunayTriangulation
configure:18996: gcc -o conftest -g -O2   conftest.c -lproj -lz  -L/usr/local/lib -lgeos_c >&5
configure:18996: $? = 0
configure:19013: result: none required
configure:19038: checking for library containing GEOSContext_setErrorMessageHandler_r
configure:19069: gcc -o conftest -g -O2   conftest.c -lproj -lz  -L/usr/local/lib -lgeos_c >&5
configure:19069: $? = 0
configure:19086: result: none required
configure:19127: checking for library containing GEOSFrechetDistance_r
configure:19158: gcc -o conftest -g -O2   conftest.c -lproj -lz  -L/usr/local/lib -lgeos_c >&5
configure:19158: $? = 0
configure:19175: result: none required
configure:19200: checking for library containing GEOSConstrainedDelaunayTriangulation_r
configure:19231: gcc -o conftest -g -O2   conftest.c -lproj -lz  -L/usr/local/lib -lgeos_c >&5
configure:19231: $? = 0
configure:19248: result: none required
configure:19273: checking for library containing GEOSHilbertCode
configure:19304: gcc -o conftest -g -O2   conftest.c -lproj -lz  -L/usr/local/lib -lgeos_c >&5
configure:19304: $? = 0
configure:19321: result: none required
configure:19709: checking whether SQLITE_INDEX_CONSTRAINT_LIKE is declared
configure:19709: gcc -c -g -O2  conftest.c >&5
configure:19709: $? = 0
configure:19709: result: yes
configure:19818: checking that generated files are newer than configure
configure:19824: result: done
configure:19883: creating ./config.status

## ---------------------- ##
## Running config.status. ##
## ---------------------- ##

This file was extended by libspatialite config.status 5.1.0, which was
generated by GNU Autoconf 2.69.  Invocation command line was

  CONFIG_FILES    = 
  CONFIG_HEADERS  = 
  CONFIG_LINKS    = 
  CONFIG_COMMANDS = 
  $ ./config.status 

on 8210f21417c6

config.status:1312: creating Makefile
config.status:1312: creating src/Makefile
config.status:1312: creating src/headers/Makefile
config.status:1312: creating src/gaiaaux/Makefile
config.status:1312: creating src/gaiaexif/Makefile
config.status:1312: creating src/gaiageo/Makefile
config.status:1312: creating src/gaiageo/flex/Makefile
config.status:1312: creating src/gaiageo/lemon/Makefile
config.status:1312: creating src/gaiageo/lemon/lemon_src/Makefile
config.status:1312: creating src/geopackage/Makefile
config.status:1312: creating src/spatialite/Makefile
config.status:1312: creating src/shapefiles/Makefile
config.status:1312: creating src/dxf/Makefile
config.status:1312: creating src/md5/Makefile
config.status:1312: creating src/control_points/Makefile
config.status:1312: creating src/cutter/Makefile
config.status:1312: creating src/topology/Makefile
config.status:1312: creating src/srsinit/Makefile
config.status:1312: creating src/srsinit/epsg_update/Makefile
config.status:1312: creating src/stored_procedures/Makefile
config.status:1312: creating src/connection_cache/Makefile
config.status:1312: creating src/connection_cache/generator/Makefile
config.status:1312: creating src/virtualtext/Makefile
config.status:1312: creating src/wfs/Makefile
config.status:1312: creating test/Makefile
config.status:1312: creating test/sql_stmt_tests/Makefile
config.status:1312: creating test/sql_stmt_geos_tests/Makefile
config.status:1312: creating test/sql_stmt_geos370_tests/Makefile
config.status:1312: creating test/sql_stmt_geos3100_tests/Makefile
config.status:1312: creating test/sql_stmt_geos3110_tests/Makefile
config.status:1312: creating test/sql_stmt_geos_380/Makefile
config.status:1312: creating test/sql_stmt_geos_non380/Makefile
config.status:1312: creating test/sql_stmt_geos_390/Makefile
config.status:1312: creating test/sql_stmt_geos_non390/Makefile
config.status:1312: creating test/sql_stmt_geos_391/Makefile
config.status:1312: creating test/sql_stmt_geos_3100/Makefile
config.status:1312: creating test/sql_stmt_geos_non3100/Makefile
config.status:1312: creating test/sql_stmt_geos_3110/Makefile
config.status:1312: creating test/sql_stmt_geos_non3110/Makefile
config.status:1312: creating test/sql_stmt_geos_3120/Makefile
config.status:1312: creating test/sql_stmt_geos_non3120/Makefile
config.status:1312: creating test/sql_stmt_geosadvanced_tests/Makefile
config.status:1312: creating test/sql_stmt_geopackage_tests/Makefile
config.status:1312: creating test/sql_stmt_gpkg_epsg492_tests/Makefile
config.status:1312: creating test/sql_stmt_gpkg_epsg493_tests/Makefile
config.status:1312: creating test/sql_stmt_gpkg_epsg600_tests/Makefile
config.status:1312: creating test/sql_stmt_proj_tests/Makefile
config.status:1312: creating test/sql_stmt_proj492_tests/Makefile
config.status:1312: creating test/sql_stmt_proj493_tests/Makefile
config.status:1312: creating test/sql_stmt_proj600_tests/Makefile
config.status:1312: creating test/sql_stmt_proj720_tests/Makefile
config.status:1312: creating test/sql_stmt_proj910_tests/Makefile
config.status:1312: creating test/sql_stmt_proj600security_tests/Makefile
config.status:1312: creating test/sql_stmt_mathsql_tests/Makefile
config.status:1312: creating test/sql_stmt_rtgeom_tests/Makefile
config.status:1312: creating test/sql_stmt_rttopo_tests/Makefile
config.status:1312: creating test/sql_stmt_libxml2_tests/Makefile
config.status:1312: creating test/sql_stmt_libxml2_rttopo_tests/Makefile
config.status:1312: creating test/sql_stmt_security_tests/Makefile
config.status:1312: creating test/sql_stmt_xmlsec_tests/Makefile
config.status:1312: creating test/sql_stmt_freexl_tests/Makefile
config.status:1312: creating test/sql_stmt_cache_tests/Makefile
config.status:1312: creating test/sql_stmt_gpkgcache_tests/Makefile
config.status:1312: creating test/sql_stmt_nocache_tests/Makefile
config.status:1312: creating test/sql_stmt_gpkgnocache_tests/Makefile
config.status:1312: creating test/sql_stmt_voronoj1_tests/Makefile
config.status:1312: creating test/sql_stmt_voronoj2_tests/Makefile
config.status:1312: creating test/sql_stmt_sequence_tests/Makefile
config.status:1312: creating test/sql_stmt_routing_tests/Makefile
config.status:1312: creating test/sql_stmt_logfile_tests/Makefile
config.status:1312: creating test/sql_stmt_iconv_tests/Makefile
config.status:1312: creating test/sql_stmt_proc_tests/Makefile
config.status:1312: creating test/sql_stmt_point_geom/Makefile
config.status:1312: creating test/sql_stmt_tiny_point/Makefile
config.status:1312: creating test/sql_stmt_postgres_tests/Makefile
config.status:1312: creating test/sql_stmt_renamenew_tests/Makefile
config.status:1312: creating test/sql_stmt_renameold_tests/Makefile
config.status:1312: creating test/sql_stmt_bufoptsnew_tests/Makefile
config.status:1312: creating test/sql_stmt_bufoptsold_tests/Makefile
config.status:1312: creating test/sql_stmt_minizip/Makefile
config.status:1312: creating test/sql_stmt_zip_proj6/Makefile
config.status:1312: creating test/sql_stmt_rtgeom_390/Makefile
config.status:1312: creating test/sql_stmt_rtgeom_non390/Makefile
config.status:1312: creating test/sql_stmt_voronoj_390/Makefile
config.status:1312: creating test/sql_stmt_voronoj_non390/Makefile
config.status:1312: creating examples/Makefile
config.status:1312: creating Doxyfile
config.status:1312: creating spatialite.pc
config.status:1312: creating ./fakeconfig.h
config.status:1312: creating ./config.h
config.status:1493: ./config.h is unchanged
config.status:1312: creating ./src/headers/spatialite/gaiaconfig.h
config.status:1312: creating ./config-msvc.h
config.status:1493: ./config-msvc.h is unchanged
config.status:1312: creating ./src/headers/spatialite/gaiaconfig-msvc.h
config.status:1493: ./src/headers/spatialite/gaiaconfig-msvc.h is unchanged
config.status:1541: executing depfiles commands
config.status:1618: cd src       && sed -e '/# am--include-marker/d' Makefile         | make -f - am--depfiles
make: Nothing to be done for 'am--depfiles'.
config.status:1623: $? = 0
config.status:1618: cd src/gaiaaux       && sed -e '/# am--include-marker/d' Makefile         | make -f - am--depfiles
make: Nothing to be done for 'am--depfiles'.
config.status:1623: $? = 0
config.status:1618: cd src/gaiaexif       && sed -e '/# am--include-marker/d' Makefile         | make -f - am--depfiles
make: Nothing to be done for 'am--depfiles'.
config.status:1623: $? = 0
config.status:1618: cd src/gaiageo       && sed -e '/# am--include-marker/d' Makefile         | make -f - am--depfiles
make: Nothing to be done for 'am--depfiles'.
config.status:1623: $? = 0
config.status:1618: cd src/geopackage       && sed -e '/# am--include-marker/d' Makefile         | make -f - am--depfiles
make: Nothing to be done for 'am--depfiles'.
config.status:1623: $? = 0
config.status:1618: cd src/spatialite       && sed -e '/# am--include-marker/d' Makefile         | make -f - am--depfiles
make: Nothing to be done for 'am--depfiles'.
config.status:1623: $? = 0
config.status:1618: cd src/shapefiles       && sed -e '/# am--include-marker/d' Makefile         | make -f - am--depfiles
make: Nothing to be done for 'am--depfiles'.
config.status:1623: $? = 0
config.status:1618: cd src/dxf       && sed -e '/# am--include-marker/d' Makefile         | make -f - am--depfiles
make: Nothing to be done for 'am--depfiles'.
config.status:1623: $? = 0
config.status:1618: cd src/md5       && sed -e '/# am--include-marker/d' Makefile         | make -f - am--depfiles
make: Nothing to be done for 'am--depfiles'.
config.status:1623: $? = 0
config.status:1618: cd src/control_points       && sed -e '/# am--include-marker/d' Makefile         | make -f - am--depfiles
make: Nothing to be done for 'am--depfiles'.
config.status:1623: $? = 0
config.status:1618: cd src/cutter       && sed -e '/# am--include-marker/d' Makefile         | make -f - am--depfiles
make: Nothing to be done for 'am--depfiles'.
config.status:1623: $? = 0
config.status:1618: cd src/topology       && sed -e '/# am--include-marker/d' Makefile         | make -f - am--depfiles
make: Nothing to be done for 'am--depfiles'.
config.status:1623: $? = 0
config.status:1618: cd src/srsinit       && sed -e '/# am--include-marker/d' Makefile         | make -f - am--depfiles
make: Nothing to be done for 'am--depfiles'.
config.status:1623: $? = 0
config.status:1618: cd src/stored_procedures       && sed -e '/# am--include-marker/d' Makefile         | make -f - am--depfiles
make: Nothing to be done for 'am--depfiles'.
config.status:1623: $? = 0
config.status:1618: cd src/connection_cache       && sed -e '/# am--include-marker/d' Makefile         | make -f - am--depfiles
make: Nothing to be done for 'am--depfiles'.
config.status:1623: $? = 0
config.status:1618: cd src/virtualtext       && sed -e '/# am--include-marker/d' Makefile         | make -f - am--depfiles
make: Nothing to be done for 'am--depfiles'.
config.status:1623: $? = 0
config.status:1618: cd src/wfs       && sed -e '/# am--include-marker/d' Makefile         | make -f - am--depfiles
make: Nothing to be done for 'am--depfiles'.
config.status:1623: $? = 0
config.status:1618: cd test       && sed -e '/# am--include-marker/d' Makefile         | make -f - am--depfiles
make: Nothing to be done for 'am--depfiles'.
config.status:1623: $? = 0
config.status:1618: cd examples       && sed -e '/# am--include-marker/d' Makefile         | make -f - am--depfiles
make: Nothing to be done for 'am--depfiles'.
config.status:1623: $? = 0
config.status:1541: executing libtool commands

## ---------------- ##
## Cache variables. ##
## ---------------- ##

ac_cv_build=x86_64-unknown-linux-gnu
ac_cv_c_compiler_gnu=yes
ac_cv_c_const=yes
ac_cv_c_volatile=yes
ac_cv_cxx_compiler_gnu=yes
ac_cv_env_CCC_set=
ac_cv_env_CCC_value=
ac_cv_env_CC_set=
ac_cv_env_CC_value=
ac_cv_env_CFLAGS_set=
ac_cv_env_CFLAGS_value=
ac_cv_env_CPPFLAGS_set=
ac_cv_env_CPPFLAGS_value=
ac_cv_env_CPP_set=
ac_cv_env_CPP_value=
ac_cv_env_CXXCPP_set=
ac_cv_env_CXXCPP_value=
ac_cv_env_CXXFLAGS_set=
ac_cv_env_CXXFLAGS_value=
ac_cv_env_CXX_set=
ac_cv_env_CXX_value=
ac_cv_env_LDFLAGS_set=
ac_cv_env_LDFLAGS_value=
ac_cv_env_LIBS_set=
ac_cv_env_LIBS_value=
ac_cv_env_LIBXML2_CFLAGS_set=
ac_cv_env_LIBXML2_CFLAGS_value=
ac_cv_env_LIBXML2_LIBS_set=
ac_cv_env_LIBXML2_LIBS_value=
ac_cv_env_LT_SYS_LIBRARY_PATH_set=
ac_cv_env_LT_SYS_LIBRARY_PATH_value=
ac_cv_env_PKG_CONFIG_LIBDIR_set=
ac_cv_env_PKG_CONFIG_LIBDIR_value=
ac_cv_env_PKG_CONFIG_PATH_set=
ac_cv_env_PKG_CONFIG_PATH_value=
ac_cv_env_PKG_CONFIG_set=
ac_cv_env_PKG_CONFIG_value=
ac_cv_env_SQLITE3_CFLAGS_set=
ac_cv_env_SQLITE3_CFLAGS_value=
ac_cv_env_SQLITE3_LIBS_set=
ac_cv_env_SQLITE3_LIBS_value=
ac_cv_env_build_alias_set=
ac_cv_env_build_alias_value=
ac_cv_env_host_alias_set=
ac_cv_env_host_alias_value=
ac_cv_env_target_alias_set=
ac_cv_env_target_alias_value=
ac_cv_func_fdatasync=yes
ac_cv_func_ftruncate=yes
ac_cv_func_getcwd=yes
ac_cv_func_gettimeofday=yes
ac_cv_func_localtime_r=yes
ac_cv_func_lstat_dereferences_slashed_symlink=yes
ac_cv_func_lstat_empty_string_bug=no
ac_cv_func_memcmp_working=yes
ac_cv_func_memmove=yes
ac_cv_func_memset=yes
ac_cv_func_sqrt=no
ac_cv_func_stat_empty_string_bug=no
ac_cv_func_strcasecmp=yes
ac_cv_func_strerror=yes
ac_cv_func_strftime=yes
ac_cv_func_strncasecmp=yes
ac_cv_func_strstr=yes
ac_cv_have_decl_SQLITE_INDEX_CONSTRAINT_LIKE=yes
ac_cv_header_dlfcn_h=yes
ac_cv_header_fcntl_h=yes
ac_cv_header_float_h=yes
ac_cv_header_geos_c_h=yes
ac_cv_header_iconv_h=yes
ac_cv_header_inttypes_h=yes
ac_cv_header_math_h=yes
ac_cv_header_memory_h=yes
ac_cv_header_proj_h=yes
ac_cv_header_sqlite3_h=yes
ac_cv_header_sqlite3ext_h=yes
ac_cv_header_stdc=yes
ac_cv_header_stddef_h=yes
ac_cv_header_stdint_h=yes
ac_cv_header_stdio_h=yes
ac_cv_header_stdlib_h=yes
ac_cv_header_string_h=yes
ac_cv_header_strings_h=yes
ac_cv_header_sys_stat_h=yes
ac_cv_header_sys_time_h=yes
ac_cv_header_sys_types_h=yes
ac_cv_header_unistd_h=yes
ac_cv_header_zlib_h=yes
ac_cv_host=x86_64-unknown-linux-gnu
ac_cv_lib_z_inflateInit_=yes
ac_cv_objext=o
ac_cv_path_EGREP='/usr/bin/grep -E'
ac_cv_path_FGREP='/usr/bin/grep -F'
ac_cv_path_GEOSCONFIG=/usr/local/bin/geos-config
ac_cv_path_GREP=/usr/bin/grep
ac_cv_path_SED=/usr/bin/sed
ac_cv_path_ac_pt_PKG_CONFIG=/usr/bin/pkg-config
ac_cv_path_install='/usr/bin/install -c'
ac_cv_path_lt_DD=/usr/bin/dd
ac_cv_path_mkdir=/usr/bin/mkdir
ac_cv_prog_AWK=mawk
ac_cv_prog_CPP='gcc -E'
ac_cv_prog_CXXCPP='g++ -E'
ac_cv_prog_ac_ct_AR=ar
ac_cv_prog_ac_ct_CC=gcc
ac_cv_prog_ac_ct_CXX=g++
ac_cv_prog_ac_ct_OBJDUMP=objdump
ac_cv_prog_ac_ct_RANLIB=ranlib
ac_cv_prog_ac_ct_STRIP=strip
ac_cv_prog_cc_c89=
ac_cv_prog_cc_g=yes
ac_cv_prog_cxx_g=yes
ac_cv_prog_make_make_set=yes
ac_cv_search_GEOSConstrainedDelaunayTriangulation_r='none required'
ac_cv_search_GEOSContext_setErrorMessageHandler_r='none required'
ac_cv_search_GEOSCoveredBy=-lgeos_c
ac_cv_search_GEOSDelaunayTriangulation='none required'
ac_cv_search_GEOSFrechetDistance_r='none required'
ac_cv_search_GEOSHilbertCode='none required'
ac_cv_search_iconv='none required'
ac_cv_search_locale_charset=no
ac_cv_search_nl_langinfo='none required'
ac_cv_search_proj_normalize_for_visualization=-lproj
ac_cv_struct_tm=time.h
ac_cv_type_off_t=yes
ac_cv_type_size_t=yes
am_cv_CC_dependencies_compiler_type=gcc3
am_cv_CXX_dependencies_compiler_type=gcc3
am_cv_make_support_nested_variables=yes
am_cv_prog_cc_c_o=yes
lt_cv_ar_at_file=@
lt_cv_archive_cmds_need_lc=no
lt_cv_deplibs_check_method=pass_all
lt_cv_file_magic_cmd='$MAGIC_CMD'
lt_cv_file_magic_test_file=
lt_cv_ld_reload_flag=-r
lt_cv_nm_interface='BSD nm'
lt_cv_objdir=.libs
lt_cv_path_LD=/usr/bin/ld
lt_cv_path_LDCXX=/usr/bin/ld
lt_cv_path_NM='/usr/bin/nm -B'
lt_cv_path_mainfest_tool=no
lt_cv_prog_compiler_c_o=yes
lt_cv_prog_compiler_c_o_CXX=yes
lt_cv_prog_compiler_pic='-fPIC -DPIC'
lt_cv_prog_compiler_pic_CXX='-fPIC -DPIC'
lt_cv_prog_compiler_pic_works=yes
lt_cv_prog_compiler_pic_works_CXX=yes
lt_cv_prog_compiler_rtti_exceptions=no
lt_cv_prog_compiler_static_works=yes
lt_cv_prog_compiler_static_works_CXX=yes
lt_cv_prog_gnu_ld=yes
lt_cv_prog_gnu_ldcxx=yes
lt_cv_sharedlib_from_linklib_cmd='printf %s\n'
lt_cv_shlibpath_overrides_runpath=yes
lt_cv_sys_global_symbol_pipe='sed -n -e '\''s/^.*[	 ]\([ABCDGIRSTW][ABCDGIRSTW]*\)[	 ][	 ]*\([_A-Za-z][_A-Za-z0-9]*\)$/\1 \2 \2/p'\'' | sed '\''/ __gnu_lto/d'\'''
lt_cv_sys_global_symbol_to_c_name_address='sed -n -e '\''s/^: \(.*\) .*$/  {"\1", (void *) 0},/p'\'' -e '\''s/^[ABCDGIRSTW][ABCDGIRSTW]* .* \(.*\)$/  {"\1", (void *) \&\1},/p'\'''
lt_cv_sys_global_symbol_to_c_name_address_lib_prefix='sed -n -e '\''s/^: \(.*\) .*$/  {"\1", (void *) 0},/p'\'' -e '\''s/^[ABCDGIRSTW][ABCDGIRSTW]* .* \(lib.*\)$/  {"\1", (void *) \&\1},/p'\'' -e '\''s/^[ABCDGIRSTW][ABCDGIRSTW]* .* \(.*\)$/  {"lib\1", (void *) \&\1},/p'\'''
lt_cv_sys_global_symbol_to_cdecl='sed -n -e '\''s/^T .* \(.*\)$/extern int \1();/p'\'' -e '\''s/^[ABCDGIRSTW][ABCDGIRSTW]* .* \(.*\)$/extern char \1;/p'\'''
lt_cv_sys_global_symbol_to_import=
lt_cv_sys_max_cmd_len=1572864
lt_cv_to_host_file_cmd=func_convert_file_noop
lt_cv_to_tool_file_cmd=func_convert_file_noop
lt_cv_truncate_bin='/usr/bin/dd bs=4096 count=1'
pkg_cv_SQLITE3_CFLAGS=
pkg_cv_SQLITE3_LIBS=-lsqlite3

## ----------------- ##
## Output variables. ##
## ----------------- ##

ACLOCAL='${SHELL} /build/libspatialite-5.1.0/missing aclocal-1.16'
AMDEPBACKSLASH='\'
AMDEP_FALSE='#'
AMDEP_TRUE=''
AMTAR='$${TAR-tar}'
AM_BACKSLASH='\'
AM_DEFAULT_V='$(AM_DEFAULT_VERBOSITY)'
AM_DEFAULT_VERBOSITY='1'
AM_V='$(V)'
ANDROID_FALSE=''
ANDROID_TRUE='#'
AR='ar'
AS='as'
AUTOCONF='${SHELL} /build/libspatialite-5.1.0/missing autoconf'
AUTOHEADER='${SHELL} /build/libspatialite-5.1.0/missing autoheader'
AUTOMAKE='${SHELL} /build/libspatialite-5.1.0/missing automake-1.16'
AWK='mawk'
CC='gcc'
CCDEPMODE='depmode=gcc3'
CFLAGS='-g -O2'
CPP='gcc -E'
CPPFLAGS=''
CXX='g++'
CXXCPP='g++ -E'
CXXDEPMODE='depmode=gcc3'
CXXFLAGS='-g -O2'
CYGPATH_W='echo'
DEFS='-DHAVE_CONFIG_H'
DEPDIR='.deps'
DLLTOOL='false'
DSYMUTIL=''
DUMPBIN=''
ECHO_C=''
ECHO_N='-n'
ECHO_T=''
EGREP='/usr/bin/grep -E'
ENABLE_EXAMPLES_FALSE='#'
ENABLE_EXAMPLES_TRUE=''
ENABLE_GEOPACKAGE_FALSE='#'
ENABLE_GEOPACKAGE_TRUE=''
EXEEXT=''
FGREP='/usr/bin/grep -F'
GEOSCONFIG='/usr/local/bin/geos-config'
GEOS_CFLAGS='-I/usr/local/include'
GEOS_LDFLAGS='-L/usr/local/lib'
GREP='/usr/bin/grep'
INSTALL_DATA='${INSTALL} -m 644'
INSTALL_PROGRAM='${INSTALL}'
INSTALL_SCRIPT='${INSTALL}'
INSTALL_STRIP_PROGRAM='$(install_sh) -c -s'
LD='/usr/bin/ld'
LDFLAGS=''
LIBOBJS=''
LIBS='-lproj -lz  -L/usr/local/lib -lgeos_c'
LIBTOOL='$(SHELL) $(top_builddir)/libtool'
LIBXML2_CFLAGS=''
LIBXML2_LIBS=''
LIPO=''
LN_S='ln -s'
LTLIBOBJS=''
LT_SYS_LIBRARY_PATH=''
MACOSX_FALSE=''
MACOSX_TRUE='#'
MAINT='#'
MAINTAINER_MODE_FALSE=''
MAINTAINER_MODE_TRUE='#'
MAKEINFO='${SHELL} /build/libspatialite-5.1.0/missing makeinfo'
MANIFEST_TOOL=':'
MINGW_FALSE=''
MINGW_TRUE='#'
MKDIR_P='/usr/bin/mkdir -p'
MODULE_ONLY_FALSE=''
MODULE_ONLY_TRUE='#'
NM='/usr/bin/nm -B'
NMEDIT=''
OBJDUMP='objdump'
OBJEXT='o'
OTOOL64=''
OTOOL=''
PACKAGE='libspatialite'
PACKAGE_BUGREPORT='a.furieri@lqt.it'
PACKAGE_NAME='libspatialite'
PACKAGE_STRING='libspatialite 5.1.0'
PACKAGE_TARNAME='libspatialite'
PACKAGE_URL=''
PACKAGE_VERSION='5.1.0'
PATH_SEPARATOR=':'
PKG_CONFIG='/usr/bin/pkg-config'
PKG_CONFIG_LIBDIR=''
PKG_CONFIG_PATH=''
RANLIB='ranlib'
SED='/usr/bin/sed'
SET_MAKE=''
SHELL='/bin/bash'
SQLITE3_CFLAGS=''
SQLITE3_LIBS='-lsqlite3'
STRIP='strip'
VERSION='5.1.0'
ac_ct_AR='ar'
ac_ct_CC='gcc'
ac_ct_CXX='g++'
ac_ct_DUMPBIN=''
am__EXEEXT_FALSE=''
am__EXEEXT_TRUE='#'
am__fastdepCC_FALSE='#'
am__fastdepCC_TRUE=''
am__fastdepCXX_FALSE='#'
am__fastdepCXX_TRUE=''
am__include='include'
am__isrc=''
am__leading_dot='.'
am__nodep='_no'
am__quote=''
am__tar='$${TAR-tar} chof - "$$tardir"'
am__untar='$${TAR-tar} xf -'
bindir='${exec_prefix}/bin'
build='x86_64-unknown-linux-gnu'
build_alias=''
build_cpu='x86_64'
build_os='linux-gnu'
build_vendor='unknown'
datadir='${datarootdir}'
datarootdir='${prefix}/share'
docdir='${datarootdir}/doc/${PACKAGE_TARNAME}'
dvidir='${docdir}'
exec_prefix='${prefix}'
host='x86_64-unknown-linux-gnu'
host_alias=''
host_cpu='x86_64'
host_os='linux-gnu'
host_vendor='unknown'
htmldir='${docdir}'
includedir='${prefix}/include'
infodir='${datarootdir}/info'
install_sh='${SHELL} /build/libspatialite-5.1.0/install-sh'
libdir='${exec_prefix}/lib'
libexecdir='${exec_prefix}/libexec'
localedir='${datarootdir}/locale'
localstatedir='${prefix}/var'
mandir='${datarootdir}/man'
mkdir_p='$(MKDIR_P)'
oldincludedir='/usr/include'
pdfdir='${docdir}'
prefix='/usr/local'
program_transform_name='s,x,x,'
psdir='${docdir}'
runstatedir='${localstatedir}/run'
sbindir='${exec_prefix}/sbin'
sharedstatedir='${prefix}/com'
sysconfdir='${prefix}/etc'
target_alias=''

## ----------- ##
## confdefs.h. ##
## ----------- ##

/* confdefs.h */
#define PACKAGE_NAME "libspatialite"
#define PACKAGE_TARNAME "libspatialite"
#define PACKAGE_VERSION "5.1.0"
#define PACKAGE_STRING "libspatialite 5.1.0"
#define PACKAGE_BUGREPORT "a.furieri@lqt.it"
#define PACKAGE_URL ""
#define _LARGE_FILE 1
#define _FILE_OFFSET_BITS 64
#define _LARGEFILE_SOURCE 1
#define NDEBUG 1
#define STDC_HEADERS 1
#define HAVE_SYS_TYPES_H 1
#define HAVE_SYS_STAT_H 1
#define HAVE_STDLIB_H 1
#define HAVE_STRING_H 1
#define HAVE_MEMORY_H 1
#define HAVE_STRINGS_H 1
#define HAVE_INTTYPES_H 1
#define HAVE_STDINT_H 1
#define HAVE_UNISTD_H 1
#define HAVE_STDLIB_H 1
#define HAVE_STDIO_H 1
#define HAVE_STRING_H 1
#define HAVE_MEMORY_H 1
#define HAVE_MATH_H 1
#define HAVE_FLOAT_H 1
#define HAVE_FCNTL_H 1
#define HAVE_INTTYPES_H 1
#define HAVE_STDDEF_H 1
#define HAVE_STDINT_H 1
#define HAVE_SYS_TIME_H 1
#define HAVE_UNISTD_H 1
#define HAVE_SQLITE3_H 1
#define HAVE_SQLITE3EXT_H 1
#define HAVE_ZLIB_H 1
#define HAVE_DLFCN_H 1
#define LT_OBJDIR ".libs/"
#define LSTAT_FOLLOWS_SLASHED_SYMLINK 1
#define LSTAT_FOLLOWS_SLASHED_SYMLINK 1
#define HAVE_STRFTIME 1
#define HAVE_MEMSET 1
#define HAVE_STRCASECMP 1
#define HAVE_STRERROR 1
#define HAVE_STRNCASECMP 1
#define HAVE_STRSTR 1
#define HAVE_FDATASYNC 1
#define HAVE_FTRUNCATE 1
#define HAVE_GETCWD 1
#define HAVE_GETTIMEOFDAY 1
#define HAVE_LOCALTIME_R 1
#define HAVE_MEMMOVE 1
#define HAVE_STRERROR 1
#define HAVE_LIBZ 1
#define SPATIALITE_TARGET_CPU "x86_64-linux-gnu"
#define SPATIALITE_VERSION "5.1.0"
#define HAVE_PROJ_H 1
#define PROJ_NEW 1
#define HAVE_ICONV_H 1
#define OMIT_FREEXL 1
#define HAVE_GEOS_C_H 1
#define GEOS_ADVANCED 1
#define GEOS_REENTRANT 1
#define GEOS_370 1
#define GEOS_3100 1
#define GEOS_3110 1
#define ENABLE_GEOPACKAGE 1
#define HAVE_DECL_SQLITE_INDEX_CONSTRAINT_LIKE 1

configure: exit 0
